[18:50:04] [ServerMain/INFO]: Environment: authHost='https://authserver.mojang.com', accountsHost='https://api.mojang.com', sessionHost='https://sessionserver.mojang.com', servicesHost='https://api.minecraftservices.com', name='PROD'
[18:50:04] [ServerMain/INFO]: Loaded 7 recipes
[18:50:05] [Server thread/INFO]: Starting minecraft server version 1.19.4
[18:50:05] [Server thread/INFO]: Loading properties
[18:50:05] [Server thread/INFO]: This server is running CraftBukkit version 3714-Spigot-b31949f-3ae9069 (MC: 1.19.4) (Implementing API version 1.19.4-R0.1-SNAPSHOT)
[18:50:05] [Server thread/INFO]: Debug logging is disabled
[18:50:05] [Server thread/INFO]: Server Ping Player Sample Count: 12
[18:50:05] [Server thread/INFO]: Using 4 threads for Netty based IO
[18:50:05] [Server thread/INFO]: Default game type: CREATIVE
[18:50:05] [Server thread/INFO]: Generating keypair
[18:50:05] [Server thread/INFO]: Starting Minecraft server on *:25565
[18:50:05] [Server thread/INFO]: Using default channel type
[18:50:05] [Server thread/WARN]: Initializing Legacy Material Support. Unless you have legacy plugins and/or data this is a bug!
[18:50:07] [Server thread/WARN]: Legacy plugin SetSpawn v3.4 does not specify an api-version.
[18:50:07] [Server thread/WARN]: Legacy plugin ELCI v1.12.1 does not specify an api-version.
[18:50:07] [Server thread/INFO]: [SetSpawn] Loading SetSpawn v3.4
[18:50:07] [Server thread/INFO]: [ELCI] Loading ELCI v1.12.1
[18:50:07] [Server thread/INFO]: Preparing level "world"
[18:50:07] [Server thread/INFO]: -------- World Settings For [world] --------
[18:50:07] [Server thread/INFO]: Mob Spawn Range: 6
[18:50:07] [Server thread/INFO]: Cactus Growth Modifier: 100%
[18:50:07] [Server thread/INFO]: Cane Growth Modifier: 100%
[18:50:07] [Server thread/INFO]: Melon Growth Modifier: 100%
[18:50:07] [Server thread/INFO]: Mushroom Growth Modifier: 100%
[18:50:07] [Server thread/INFO]: Pumpkin Growth Modifier: 100%
[18:50:07] [Server thread/INFO]: Sapling Growth Modifier: 100%
[18:50:07] [Server thread/INFO]: Beetroot Growth Modifier: 100%
[18:50:07] [Server thread/INFO]: Carrot Growth Modifier: 100%
[18:50:07] [Server thread/INFO]: Potato Growth Modifier: 100%
[18:50:07] [Server thread/INFO]: Wheat Growth Modifier: 100%
[18:50:07] [Server thread/INFO]: NetherWart Growth Modifier: 100%
[18:50:07] [Server thread/INFO]: Vine Growth Modifier: 100%
[18:50:07] [Server thread/INFO]: Cocoa Growth Modifier: 100%
[18:50:07] [Server thread/INFO]: Bamboo Growth Modifier: 100%
[18:50:07] [Server thread/INFO]: SweetBerry Growth Modifier: 100%
[18:50:07] [Server thread/INFO]: Kelp Growth Modifier: 100%
[18:50:07] [Server thread/INFO]: TwistingVines Growth Modifier: 100%
[18:50:07] [Server thread/INFO]: WeepingVines Growth Modifier: 100%
[18:50:07] [Server thread/INFO]: CaveVines Growth Modifier: 100%
[18:50:07] [Server thread/INFO]: Entity Activation Range: An 32 / Mo 32 / Ra 48 / Mi 16 / Tiv true / Isa false
[18:50:07] [Server thread/INFO]: Entity Tracking Range: Pl 48 / An 48 / Mo 48 / Mi 32 / Other 64
[18:50:07] [Server thread/INFO]: Custom Map Seeds:  Village: 10387312 Desert: 14357617 Igloo: 14357618 Jungle: 14357619 Swamp: 14357620 Monument: 10387313 Ocean: 14357621 Shipwreck: 165745295 End City: 10387313 Slime: 987234911 Nether: 30084232 Mansion: 10387319 Fossil: 14357921 Portal: 34222645
[18:50:07] [Server thread/INFO]: Max TNT Explosions: 100
[18:50:07] [Server thread/INFO]: Tile Max Tick Time: 50ms Entity max Tick Time: 50ms
[18:50:07] [Server thread/INFO]: Item Merge Radius: 2.5
[18:50:07] [Server thread/INFO]: Arrow Despawn Rate: 1200 Trident Respawn Rate:1200
[18:50:07] [Server thread/INFO]: Item Despawn Rate: 6000
[18:50:07] [Server thread/INFO]: View Distance: 10
[18:50:07] [Server thread/INFO]: Simulation Distance: 10
[18:50:07] [Server thread/INFO]: Nerfing mobs spawned from spawners: false
[18:50:07] [Server thread/INFO]: Zombie Aggressive Towards Villager: true
[18:50:07] [Server thread/INFO]: Allow Zombie Pigmen to spawn from portal blocks: true
[18:50:07] [Server thread/INFO]: Experience Merge Radius: 3.0
[18:50:07] [Server thread/INFO]: Hopper Transfer: 8 Hopper Check: 1 Hopper Amount: 1 Hopper Can Load Chunks: false
[18:50:07] [Server thread/INFO]: Preparing start region for dimension minecraft:overworld
[18:50:09] [Worker-Main-10/INFO]: Preparing spawn area: 0%
[18:50:09] [Worker-Main-9/INFO]: Preparing spawn area: 0%
[18:50:09] [Worker-Main-9/INFO]: Preparing spawn area: 0%
[18:50:09] [Worker-Main-9/INFO]: Preparing spawn area: 0%
[18:50:09] [Worker-Main-9/INFO]: Preparing spawn area: 0%
[18:50:09] [Worker-Main-10/INFO]: Preparing spawn area: 0%
[18:50:10] [Worker-Main-9/INFO]: Preparing spawn area: 29%
[18:50:10] [Worker-Main-2/INFO]: Preparing spawn area: 93%
[18:50:10] [Server thread/INFO]: Time elapsed: 3791 ms
[18:50:11] [Server thread/INFO]: [SetSpawn] Enabling SetSpawn v3.4
[18:50:11] [Server thread/INFO]: [SetSpawn] Enabled!
[18:50:11] [Server thread/INFO]: [ELCI] Enabling ELCI v1.12.1
[18:50:11] [Server thread/INFO]: [ELCI] Using host:port - 0.0.0.0:4711
[18:50:11] [Server thread/INFO]: [ELCI] ThreadListener Started
[18:50:11] [Server thread/INFO]: Server permissions file permissions.yml is empty, ignoring it
[18:50:11] [Server thread/INFO]: Done (4.007s)! For help, type "help"
[18:52:20] [Thread-11/INFO]: [ELCI] Starting output thread!
[18:52:20] [Thread-10/INFO]: [ELCI] Starting input thread
[18:52:20] [Thread-9/INFO]: [ELCI] Opened connection to/127.0.0.1:59577.
[18:52:23] [Server thread/WARN]: [ELCI] [!!WARNING!!] Valid player entity does not exist on server.
[18:52:23] [Server thread/INFO]: [ELCI] Closed connection to/127.0.0.1:59577.
[18:52:29] [User Authenticator #1/INFO]: UUID of player Kingods0607 is cc3351c2-3fcc-4d2c-84b8-d2e3e43839a6
[18:52:29] [Server thread/INFO]: Welcome Kingods0607[m
[18:52:29] [Server thread/INFO]: Kingods0607 joined the game
[18:52:29] [Server thread/INFO]: Kingods0607[/[0:0:0:0:0:0:0:1]:59585] logged in with entity id 92 at ([world]4858.300000011921, 101.5225317922423, 4262.699999988079)
[18:52:58] [Thread-18/INFO]: [ELCI] Starting output thread!
[18:52:58] [Thread-17/INFO]: [ELCI] Starting input thread
[18:52:58] [Thread-9/INFO]: [ELCI] Opened connection to/127.0.0.1:59595.
[18:53:12] [Server thread/INFO]: [ELCI] Closed connection to/127.0.0.1:59595.
[18:53:16] [Thread-19/INFO]: [ELCI] Starting input thread
[18:53:16] [Thread-20/INFO]: [ELCI] Starting output thread!
[18:53:16] [Thread-9/INFO]: [ELCI] Opened connection to/127.0.0.1:59602.
[18:53:20] [Server thread/INFO]: [ELCI] Closed connection to/127.0.0.1:59602.
[18:53:24] [Thread-21/INFO]: [ELCI] Starting input thread
[18:53:24] [Thread-9/INFO]: [ELCI] Opened connection to/127.0.0.1:59605.
[18:53:24] [Thread-22/INFO]: [ELCI] Starting output thread!
[18:53:36] [Thread-23/INFO]: [ELCI] Starting input thread
[18:53:36] [Thread-9/INFO]: [ELCI] Opened connection to/127.0.0.1:59611.
[18:53:36] [Thread-24/INFO]: [ELCI] Starting output thread!
[19:06:47] [Server thread/INFO]: [ELCI] Closed connection to/127.0.0.1:59605.
[19:06:47] [Server thread/INFO]: [ELCI] Closed connection to/127.0.0.1:59611.
[19:11:24] [Thread-9/INFO]: [ELCI] Opened connection to/127.0.0.1:59920.
[19:11:24] [Thread-29/INFO]: [ELCI] Starting input thread
[19:11:24] [Thread-30/INFO]: [ELCI] Starting output thread!
[19:12:56] [Server thread/INFO]: [ELCI] Closed connection to/127.0.0.1:59920.
[19:27:13] [Server thread/INFO]: Kingods0607 lost connection: Disconnected
[19:27:13] [Server thread/INFO]: Kingods0607 left the game
[19:27:24] [Thread-2/INFO]: Stopping server
[19:27:24] [Server console handler/ERROR]: Exception handling console input
java.io.IOException: Input/output error
	at java.io.FileInputStream.readBytes(Native Method) ~[?:?]
	at java.io.FileInputStream.read(FileInputStream.java:276) ~[?:?]
	at java.io.BufferedInputStream.fill(BufferedInputStream.java:244) ~[?:?]
	at java.io.BufferedInputStream.read(BufferedInputStream.java:263) ~[?:?]
	at jline.internal.NonBlockingInputStream.read(NonBlockingInputStream.java:169) ~[jline-2.12.1.jar:?]
	at jline.internal.NonBlockingInputStream.read(NonBlockingInputStream.java:137) ~[jline-2.12.1.jar:?]
	at jline.internal.NonBlockingInputStream.read(NonBlockingInputStream.java:246) ~[jline-2.12.1.jar:?]
	at jline.internal.InputStreamReader.read(InputStreamReader.java:261) ~[jline-2.12.1.jar:?]
	at jline.internal.InputStreamReader.read(InputStreamReader.java:198) ~[jline-2.12.1.jar:?]
	at jline.console.ConsoleReader.readCharacter(ConsoleReader.java:2145) ~[jline-2.12.1.jar:?]
	at jline.console.ConsoleReader.readLine(ConsoleReader.java:2349) ~[jline-2.12.1.jar:?]
	at net.minecraft.server.dedicated.DedicatedServer$1.run(DedicatedServer.java:117) ~[spigot-1.19.4-R0.1-SNAPSHOT.jar:3714-Spigot-b31949f-3ae9069]
